0 info it worked if it ends with ok
1 verbose cli [ '/usr/local/bin/node', '/usr/local/bin/npm', 'run', 'debug' ]
2 info using npm@3.10.8
3 info using node@v6.9.1
4 verbose run-script [ 'predebug', 'debug', 'postdebug' ]
5 info lifecycle later@1.0.0~predebug: later@1.0.0
6 silly lifecycle later@1.0.0~predebug: no script for predebug, continuing
7 info lifecycle later@1.0.0~debug: later@1.0.0
8 verbose lifecycle later@1.0.0~debug: unsafe-perm in lifecycle true
9 verbose lifecycle later@1.0.0~debug: PATH: /usr/local/lib/node_modules/npm/bin/node-gyp-bin:/Users/kisha/Desktop/Projects/later/node_modules/.bin:/usr/local/bin:/usr/bin:/bin:/usr/sbin:/sbin
10 verbose lifecycle later@1.0.0~debug: CWD: /Users/kisha/Desktop/Projects/later
11 silly lifecycle later@1.0.0~debug: Args: [ '-c', 'node server/app.js' ]
12 silly lifecycle later@1.0.0~debug: Returned: code: 1  signal: null
13 info lifecycle later@1.0.0~debug: Failed to exec debug script
14 verbose stack Error: later@1.0.0 debug: `node server/app.js`
14 verbose stack Exit status 1
14 verbose stack     at EventEmitter.<anonymous> (/usr/local/lib/node_modules/npm/lib/utils/lifecycle.js:255:16)
14 verbose stack     at emitTwo (events.js:106:13)
14 verbose stack     at EventEmitter.emit (events.js:191:7)
14 verbose stack     at ChildProcess.<anonymous> (/usr/local/lib/node_modules/npm/lib/utils/spawn.js:40:14)
14 verbose stack     at emitTwo (events.js:106:13)
14 verbose stack     at ChildProcess.emit (events.js:191:7)
14 verbose stack     at maybeClose (internal/child_process.js:877:16)
14 verbose stack     at Process.ChildProcess._handle.onexit (internal/child_process.js:226:5)
15 verbose pkgid later@1.0.0
16 verbose cwd /Users/kisha/Desktop/Projects/later
17 error Darwin 16.1.0
18 error argv "/usr/local/bin/node" "/usr/local/bin/npm" "run" "debug"
19 error node v6.9.1
20 error npm  v3.10.8
21 error code ELIFECYCLE
22 error later@1.0.0 debug: `node server/app.js`
22 error Exit status 1
23 error Failed at the later@1.0.0 debug script 'node server/app.js'.
23 error Make sure you have the latest version of node.js and npm installed.
23 error If you do, this is most likely a problem with the later package,
23 error not with npm itself.
23 error Tell the author that this fails on your system:
23 error     node server/app.js
23 error You can get information on how to open an issue for this project with:
23 error     npm bugs later
23 error Or if that isn't available, you can get their info via:
23 error     npm owner ls later
23 error There is likely additional logging output above.
24 verbose exit [ 1, true ]
